<?xml version="1.0" encoding="UTF-8"?><testsuite errors="1" failures="0" name="Academy Utest" skipped="0" tests="1" time="36.94" timestamp="2021-08-01 04:37:45"><testcase name="Create a new user"><error message="Arity mismatch: Step Definition 'co.com.choucair.certification.proyectobase.stepdefinitions.ChoucairAcademyStepDefinitions.heRegisterForTheUtest(String) in file:/C:/Users/Rosalba/IdeaProjects/co.com.choucair.certification.proyectobase/build/classes/java/test/' with pattern [^he register for the Utest$] is declared with 1 parameters. However, the gherkin step has 0 arguments []. &#10;Step text: he register for the Utest" type="cucumber.runtime.CucumberException">Arity mismatch: Step Definition 'co.com.choucair.certification.proyectobase.stepdefinitions.ChoucairAcademyStepDefinitions.heRegisterForTheUtest(String) in file:/C:/Users/Rosalba/IdeaProjects/co.com.choucair.certification.proyectobase/build/classes/java/test/' with pattern [^he register for the Utest$] is declared with 1 parameters. However, the gherkin step has 0 arguments []. 
Step text: he register for the Utest</error><system-err>Arity mismatch: Step Definition 'co.com.choucair.certification.proyectobase.stepdefinitions.ChoucairAcademyStepDefinitions.heRegisterForTheUtest(String) in file:/C:/Users/Rosalba/IdeaProjects/co.com.choucair.certification.proyectobase/build/classes/java/test/' with pattern [^he register for the Utest$] is declared with 1 parameters. However, the gherkin step has 0 arguments []. 
Step text: he register for the Utest&#13;
cucumber.runner.Runner.runPickle(Runner.java:80)&#13;
</system-err></testcase></testsuite>